0 info it worked if it ends with ok
1 verbose cli [ '/Users/user/.nvm/versions/node/v5.0.0/bin/node',
1 verbose cli   '/Users/user/.nvm/versions/node/v5.0.0/bin/npm',
1 verbose cli   'start' ]
2 info using npm@3.3.6
3 info using node@v5.0.0
4 verbose run-script [ 'prestart', 'start', 'poststart' ]
5 info lifecycle mern-stack-tutorial@1.0.0~prestart: mern-stack-tutorial@1.0.0
6 silly lifecycle mern-stack-tutorial@1.0.0~prestart: no script for prestart, continuing
7 info lifecycle mern-stack-tutorial@1.0.0~start: mern-stack-tutorial@1.0.0
8 verbose lifecycle mern-stack-tutorial@1.0.0~start: unsafe-perm in lifecycle true
9 verbose lifecycle mern-stack-tutorial@1.0.0~start: PATH: /Users/user/.nvm/versions/node/v5.0.0/lib/node_modules/npm/bin/node-gyp-bin:/Users/user/code/mern-stack-tutorial/node_modules/.bin:/Users/user/.nvm/versions/node/v5.0.0/bin:/usr/local/bin:/usr/bin:/bin:/usr/sbin:/sbin:/Users/user/.rvm/bin
10 verbose lifecycle mern-stack-tutorial@1.0.0~start: CWD: /Users/user/code/mern-stack-tutorial
11 silly lifecycle mern-stack-tutorial@1.0.0~start: Args: [ '-c', 'node webapp.js' ]
12 silly lifecycle mern-stack-tutorial@1.0.0~start: Returned: code: 1  signal: null
13 info lifecycle mern-stack-tutorial@1.0.0~start: Failed to exec start script
14 verbose stack Error: mern-stack-tutorial@1.0.0 start: `node webapp.js`
14 verbose stack Exit status 1
14 verbose stack     at EventEmitter.<anonymous> (/Users/user/.nvm/versions/node/v5.0.0/lib/node_modules/npm/lib/utils/lifecycle.js:233:16)
14 verbose stack     at emitTwo (events.js:87:13)
14 verbose stack     at EventEmitter.emit (events.js:172:7)
14 verbose stack     at ChildProcess.<anonymous> (/Users/user/.nvm/versions/node/v5.0.0/lib/node_modules/npm/lib/utils/spawn.js:24:14)
14 verbose stack     at emitTwo (events.js:87:13)
14 verbose stack     at ChildProcess.emit (events.js:172:7)
14 verbose stack     at maybeClose (internal/child_process.js:818:16)
14 verbose stack     at Process.ChildProcess._handle.onexit (internal/child_process.js:211:5)
15 verbose pkgid mern-stack-tutorial@1.0.0
16 verbose cwd /Users/user/code/mern-stack-tutorial
17 error Darwin 14.1.0
18 error argv "/Users/user/.nvm/versions/node/v5.0.0/bin/node" "/Users/user/.nvm/versions/node/v5.0.0/bin/npm" "start"
19 error node v5.0.0
20 error npm  v3.3.6
21 error code ELIFECYCLE
22 error mern-stack-tutorial@1.0.0 start: `node webapp.js`
22 error Exit status 1
23 error Failed at the mern-stack-tutorial@1.0.0 start script 'node webapp.js'.
23 error This is most likely a problem with the mern-stack-tutorial package,
23 error not with npm itself.
23 error Tell the author that this fails on your system:
23 error     node webapp.js
23 error You can get their info via:
23 error     npm owner ls mern-stack-tutorial
23 error There is likely additional logging output above.
24 verbose exit [ 1, true ]
